make all --print-data-base --no-builtin-variables --no-builtin-rules --question
# GNU Make 3.81
# Copyright (C) 2006  Free Software Foundation, Inc.
# This is free software; see the source for copying conditions.
# There is NO warranty; not even for MERCHANTABILITY or FITNESS FOR A
# PARTICULAR PURPOSE.

# This program built for i386-apple-darwin11.3.0
 
Inside make.go mainLIST OS: map[amd64:0xc00025e000]LIST ARCHmap[]TARGET OS RETRIEVED darwinTARGET ARCH RETRIEVED amd64export BUILDOS=darwin
export NATIVEBUILDOS=darwin
export HOSTOS=darwin
export HOSTARCH=amd64
export TARGETOS=darwin
export TARGETARCH=amd64
export TARGETVMARCH=amd64
export CC=clang
export ADDCFLAGS=-m64 -I ${SOURCEDIR}/san -Wno-deprecated-declarations -O2 -pthread -Wall -Werror -Wparentheses -Wunused-const-variable -Wframe-larger-than=16384 -Wno-stringop-overflow -Wno-array-bounds -Wno-format-overflow -lc++
export NCORES=8
export EXE=
export NATIVEBUILDOS=darwin
export NO_CROSS_COMPILER=SOURCEDIR is not set

 
Makefile:34: *** target pattern contains no `%'.  Stop.


# Make data base, printed on Sun May 15 18:07:30 2022

# Variables

# automatic
<D = $(patsubst %/,%,$(dir $<))
# automatic
?F = $(notdir $?)
# environment
PROVIDE_FULLSTACK_ACTION = true
# environment
VSCODE_LOG_NATIVE = false
# automatic
?D = $(patsubst %/,%,$(dir $?))
# environment
PLATFORMIO_IDE = 2.4.3
# automatic
@D = $(patsubst %/,%,$(dir $@))
# automatic
@F = $(notdir $@)
# makefile
CURDIR := /Users/mac/syzkaller/syzkaller
# makefile
SHELL = /bin/sh
# environment
VSCODE_NLS_CONFIG = {"locale":"en-gb","availableLanguages":{},"_languagePackSupport":true}
# environment
_ = /usr/bin/make
# makefile (from `Makefile', line 1)
MAKEFILE_LIST :=  Makefile
# environment
VSCODE_AMD_ENTRYPOINT = vs/workbench/api/node/extensionHostProcess
# environment
VSCODE_VERBOSE_LOGGING = true
# environment
__CFBundleIdentifier = com.microsoft.VSCode
# environment
VSCODE_IPC_HOOK_EXTHOST = /var/folders/tk/sycp94h13kz8966p6msc9xkr0000gn/T/vscode-ipc-f21db8c1-e01a-468e-b88a-39b41a7fb066.sock
# environment
VSCODE_CWD = /
# environment
GOPROXY = https://proxy.golang.org,direct
# environment
NO_PROXY = 127.0.0.1
# environment
GOLANG_EXECUTABLE = go
# environment
THREE_SCALE_USER_TOKEN = 207c527cfc2a6b8dcf4fa43ad7a976da
# environment
GOPATH = /Users/user/go
# environment
VSCODE_LOG_STACK = false
# environment
ELECTRON_RUN_AS_NODE = 1
# default
.FEATURES := target-specific order-only second-expansion else-if archives jobserver check-symlink
# environment
UUID = ceb5d573-eea7-481e-b9c9-82da8a2173bd
# environment
SSH_AUTH_SOCK = /private/tmp/com.apple.launchd.pmKzVball8/Listeners
# environment
JDK_HOME = /Library/Java/JavaVirtualMachines/jdk-16.0.1.jdk/
# automatic
%F = $(notdir $%)
# environment
VSCODE_PIPE_LOGGING = true
# environment
PWD = /Users/mac/syzkaller/syzkaller
# environment
ORIGINAL_XDG_CURRENT_DESKTOP = undefined
# environment
GOMODCACHE = /Users/user/go/pkg/mod
# environment
HOME = /Users/mac
# default
MAKEFILEPATH = $(shell /usr/bin/xcode-select -print-path 2>/dev/null || echo /Developer)/Makefiles
# environment
VSCODE_CODE_CACHE_PATH = /Users/mac/Library/Application Support/Code/CachedData/57fd6d0195bb9b9d1b49f6da5db789060795de47
# environment
LOGNAME = mac
# environment
APPLICATION_INSIGHTS_NO_DIAGNOSTIC_CHANNEL = 1
# environment
TELEMETRY_ID = b4dee308-66a4-4c45-8e87-0e8b0bb9b4ec
# environment
VSCODE_HANDLES_UNCAUGHT_ERRORS = true
# automatic
^D = $(patsubst %/,%,$(dir $^))
# environment
THIRDPARTY_HOME = /Users/mac
 
# environment
PLATFORMIO_PATH = /Users/mac/.platformio/python3/bin:/Users/user/go/bin:/opt/local/bin:/opt/local/sbin:/usr/local/bin:/usr/bin:/bin:/usr/sbin:/sbin:/usr/local/go/bin:/Library/Apple/usr/bin:/Users/mac/.zsh/misc:/usr/local/bin:/Users/mac/psp/flutter/bin:/Users/mac/psp/flutter/.pub-cache/bin
# default
MAKE = $(MAKE_COMMAND)
# default
MAKECMDGOALS := all
# environment
PATH = /Users/user/go/bin:/opt/local/bin:/opt/local/sbin:/usr/local/bin:/usr/bin:/bin:/usr/sbin:/sbin:/usr/local/go/bin:/Library/Apple/usr/bin:/Users/mac/.zsh/misc:/usr/local/bin:/Users/mac/psp/flutter/bin:/Users/mac/psp/flutter/.pub-cache/bin
# environment
SHLVL = 1
# environment
XPC_FLAGS = 0x0
# environment
JAVA_HOME = /Library/Java/JavaVirtualMachines/adoptopenjdk-8.jdk/Contents/Home/
# default
MAKE_VERSION := 3.81
# environment
USER = mac
# makefile
.DEFAULT_GOAL := 
# automatic
%D = $(patsubst %/,%,$(dir $%))
# default
MAKE_COMMAND := /Library/Developer/CommandLineTools/usr/bin/make
# environment
UTM_SOURCE = vscode
# default
.VARIABLES := 
# environment
TMPDIR = /var/folders/tk/sycp94h13kz8966p6msc9xkr0000gn/T/
# automatic
*F = $(notdir $*)
# environment
VSCODE_IPC_HOOK = /Users/mac/Library/Application Support/Code/1.67.0-main.sock
# makefile
MAKEFLAGS = Rrqp
# environment
MFLAGS = -Rrqp
# automatic
*D = $(patsubst %/,%,$(dir $*))
# environment
XPC_SERVICE_NAME = application.com.microsoft.VSCode.17067751.17067757
# automatic
+D = $(patsubst %/,%,$(dir $+))
# environment
RECOMMENDER_API_URL = https://gw.api.openshift.io//api/v2
# automatic
+F = $(notdir $+)
# environment
__CF_USER_TEXT_ENCODING = 0x1F5:0x0:0x0
# environment
COMMAND_MODE = unix2003
# default
MAKEFILES := 
# automatic
<F = $(notdir $<)
# environment
PLATFORMIO_CALLER = vscode
# makefile (from `Makefile', line 23)
define newline


endef
# environment
LC_ALL = C
# automatic
^F = $(notdir $^)
# default
SUFFIXES := 
# default
.INCLUDE_DIRS = /usr/local/include
# environment
MAKELEVEL := 0
# makefile (from `Makefile', line 27)
ENV := Inside make.go mainLIST OS: map[amd64:0xc00025e000]LIST ARCHmap[]TARGET OS RETRIEVED darwinTARGET ARCH RETRIEVED amd64export BUILDOS=darwin
export NATIVEBUILDOS=darwin
export HOSTOS=darwin
export HOSTARCH=amd64
export TARGETOS=darwin
export TARGETARCH=amd64
export TARGETVMARCH=amd64
export CC=clang
export ADDCFLAGS=-m64 -I $${SOURCEDIR}/san -Wno-deprecated-declarations -O2 -pthread -Wall -Werror -Wparentheses -Wunused-const-variable -Wframe-larger-than=16384 -Wno-stringop-overflow -Wno-array-bounds -Wno-format-overflow -lc++
export NCORES=8
export EXE=
export NATIVEBUILDOS=darwin
export NO_CROSS_COMPILER=SOURCEDIR is not set

# environment
LANG = C
# environment
VSCODE_PID = 2592
# variable set hash-table stats:
# Load=81/1024=8%, Rehash=0, Collisions=7/108=6%

# Pattern-specific Variable Values

# No pattern-specific variable values.

# Directories

# . (device 16777221, inode 16369713): 37 files, no impossibilities.

# 37 files, no impossibilities in 1 directories.

# Implicit Rules

# No implicit rules.

# Files

# Not a target:
all:
#  Command-line target.
#  Implicit rule search has not been done.
#  Modification time never checked.
#  File has not been updated.

# Not a target:
.SUFFIXES:
#  Implicit rule search has not been done.
#  Modification time never checked.
#  File has not been updated.

# Not a target:
Makefile:
#  Implicit rule search has not been done.
#  Modification time never checked.
#  File has not been updated.
 

# Not a target:
.DEFAULT:
#  Implicit rule search has not been done.
#  Modification time never checked.
#  File has not been updated.

# files hash-table stats:
# Load=4/1024=0%, Rehash=0, Collisions=0/5=0%
# VPATH Search Paths

# No `vpath' search paths.

# No general (`VPATH' variable) search path.

# # of strings in strcache: 1
# # of strcache buffers: 1
# strcache size: total = 4096 / max = 4096 / min = 4096 / avg = 4096
# strcache free: total = 4087 / max = 4087 / min = 4087 / avg = 4087

# Finished Make data base on Sun May 15 18:07:30 2022

 
